<?xml version="1.0" encoding="UTF-8"?>
<coverage generated="1720371902712" clover="3.2.0">
  <project timestamp="1720371902712" name="All files">
    <metrics statements="32" coveredstatements="32" conditionals="15" coveredconditionals="15" methods="6" coveredmethods="6" elements="53" coveredelements="53" complexity="0" loc="32" ncloc="32" packages="1" files="1" classes="1"/>
    <file name="gilded_rose.js" path="/Users/idelendik/PhpstormProjects/gilded-rose/js-jest/src/gilded_rose.js">
      <metrics statements="32" coveredstatements="32" conditionals="15" coveredconditionals="15" methods="6" coveredmethods="6"/>
      <line num="3" count="360" type="stmt"/>
      <line num="4" count="360" type="stmt"/>
      <line num="5" count="360" type="stmt"/>
      <line num="10" count="362" type="stmt"/>
      <line num="12" count="362" type="stmt"/>
      <line num="21" count="362" type="stmt"/>
      <line num="25" count="361" type="stmt"/>
      <line num="26" count="360" type="stmt"/>
      <line num="29" count="361" type="stmt"/>
      <line num="33" count="360" type="cond" truecount="2" falsecount="0"/>
      <line num="37" count="60" type="stmt"/>
      <line num="39" count="60" type="stmt"/>
      <line num="41" count="60" type="cond" truecount="2" falsecount="0"/>
      <line num="42" count="30" type="stmt"/>
      <line num="51" count="60" type="stmt"/>
      <line num="53" count="60" type="cond" truecount="2" falsecount="0"/>
      <line num="54" count="50" type="stmt"/>
      <line num="57" count="60" type="cond" truecount="2" falsecount="0"/>
      <line num="58" count="40" type="stmt"/>
      <line num="61" count="60" type="stmt"/>
      <line num="63" count="60" type="cond" truecount="2" falsecount="0"/>
      <line num="64" count="30" type="stmt"/>
      <line num="69" count="60" type="stmt"/>
      <line num="71" count="60" type="stmt"/>
      <line num="73" count="60" type="cond" truecount="2" falsecount="0"/>
      <line num="74" count="30" type="stmt"/>
      <line num="79" count="120" type="stmt"/>
      <line num="81" count="120" type="stmt"/>
      <line num="83" count="120" type="cond" truecount="2" falsecount="0"/>
      <line num="84" count="60" type="stmt"/>
      <line num="89" count="1" type="stmt"/>
      <line num="93" count="1" type="stmt"/>
    </file>
  </project>
</coverage>
