<?xml version="1.0" encoding="UTF-8"?>
<coverage generated="1720261265877" clover="3.2.0">
  <project timestamp="1720261265877" name="All files">
    <metrics statements="49" coveredstatements="49" conditionals="30" coveredconditionals="30" methods="14" coveredmethods="14" elements="93" coveredelements="93" complexity="0" loc="49" ncloc="49" packages="1" files="1" classes="1"/>
    <file name="gilded_rose.js" path="/Users/idelendik/PhpstormProjects/gilded-rose/js-jest/src/gilded_rose.js">
      <metrics statements="49" coveredstatements="49" conditionals="30" coveredconditionals="30" methods="14" coveredmethods="14"/>
      <line num="3" count="30" type="stmt"/>
      <line num="4" count="30" type="stmt"/>
      <line num="5" count="30" type="stmt"/>
      <line num="11" count="11" type="stmt"/>
      <line num="14" count="8" type="stmt"/>
      <line num="16" count="8" type="stmt"/>
      <line num="17" count="33" type="stmt"/>
      <line num="19" count="33" type="cond" truecount="3" falsecount="0"/>
      <line num="21" count="7" type="stmt"/>
      <line num="22" count="7" type="stmt"/>
      <line num="24" count="6" type="stmt"/>
      <line num="25" count="6" type="stmt"/>
      <line num="27" count="7" type="stmt"/>
      <line num="28" count="7" type="stmt"/>
      <line num="31" count="54" type="stmt"/>
      <line num="35" count="7" type="cond" truecount="2" falsecount="0"/>
      <line num="36" count="6" type="stmt"/>
      <line num="39" count="7" type="stmt"/>
      <line num="41" count="7" type="cond" truecount="2" falsecount="0"/>
      <line num="42" count="2" type="cond" truecount="2" falsecount="0"/>
      <line num="43" count="1" type="stmt"/>
      <line num="53" count="21" type="cond" truecount="2" falsecount="0"/>
      <line num="54" count="15" type="stmt"/>
      <line num="56" count="15" type="cond" truecount="2" falsecount="0"/>
      <line num="57" count="9" type="cond" truecount="2" falsecount="0"/>
      <line num="58" count="3" type="stmt"/>
      <line num="61" count="15" type="cond" truecount="2" falsecount="0"/>
      <line num="62" count="5" type="cond" truecount="2" falsecount="0"/>
      <line num="63" count="2" type="stmt"/>
      <line num="68" count="21" type="stmt"/>
      <line num="70" count="21" type="cond" truecount="2" falsecount="0"/>
      <line num="71" count="1" type="stmt"/>
      <line num="76" count="14" type="cond" truecount="2" falsecount="0"/>
      <line num="77" count="13" type="stmt"/>
      <line num="80" count="14" type="stmt"/>
      <line num="82" count="14" type="cond" truecount="2" falsecount="0"/>
      <line num="83" count="2" type="cond" truecount="2" falsecount="0"/>
      <line num="84" count="1" type="stmt"/>
      <line num="89" count="8" type="stmt"/>
      <line num="91" count="8" type="stmt"/>
      <line num="95" count="11" type="stmt"/>
      <line num="96" count="59" type="cond" truecount="2" falsecount="0"/>
      <line num="97" count="22" type="stmt"/>
      <line num="99" count="37" type="stmt"/>
      <line num="101" count="59" type="stmt"/>
      <line num="106" count="11" type="stmt"/>
      <line num="107" count="59" type="stmt"/>
      <line num="109" count="37" type="stmt"/>
      <line num="114" count="1" type="stmt"/>
    </file>
  </project>
</coverage>
