{"/Users/idelendik/PhpstormProjects/gilded-rose/js-jest/src/gilded_rose.js": {"path":"/Users/idelendik/PhpstormProjects/gilded-rose/js-jest/src/gilded_rose.js","statementMap":{"0":{"start":{"line":3,"column":4},"end":{"line":3,"column":21}},"1":{"start":{"line":4,"column":4},"end":{"line":4,"column":25}},"2":{"start":{"line":5,"column":4},"end":{"line":5,"column":27}},"3":{"start":{"line":10,"column":23},"end":{"line":10,"column":32}},"4":{"start":{"line":12,"column":25},"end":{"line":18,"column":3}},"5":{"start":{"line":21,"column":4},"end":{"line":21,"column":23}},"6":{"start":{"line":25,"column":4},"end":{"line":27,"column":7}},"7":{"start":{"line":26,"column":6},"end":{"line":26,"column":52}},"8":{"start":{"line":29,"column":4},"end":{"line":29,"column":22}},"9":{"start":{"line":33,"column":4},"end":{"line":33,"column":101}},"10":{"start":{"line":37,"column":4},"end":{"line":37,"column":18}},"11":{"start":{"line":39,"column":4},"end":{"line":39,"column":74}},"12":{"start":{"line":41,"column":4},"end":{"line":43,"column":5}},"13":{"start":{"line":42,"column":6},"end":{"line":42,"column":76}},"14":{"start":{"line":51,"column":4},"end":{"line":51,"column":74}},"15":{"start":{"line":53,"column":4},"end":{"line":55,"column":5}},"16":{"start":{"line":54,"column":6},"end":{"line":54,"column":76}},"17":{"start":{"line":57,"column":4},"end":{"line":59,"column":5}},"18":{"start":{"line":58,"column":6},"end":{"line":58,"column":76}},"19":{"start":{"line":61,"column":4},"end":{"line":61,"column":18}},"20":{"start":{"line":63,"column":4},"end":{"line":65,"column":5}},"21":{"start":{"line":64,"column":6},"end":{"line":64,"column":23}},"22":{"start":{"line":69,"column":4},"end":{"line":69,"column":18}},"23":{"start":{"line":71,"column":4},"end":{"line":71,"column":73}},"24":{"start":{"line":73,"column":4},"end":{"line":75,"column":5}},"25":{"start":{"line":74,"column":6},"end":{"line":74,"column":75}},"26":{"start":{"line":79,"column":4},"end":{"line":79,"column":18}},"27":{"start":{"line":81,"column":4},"end":{"line":81,"column":74}},"28":{"start":{"line":83,"column":4},"end":{"line":85,"column":5}},"29":{"start":{"line":84,"column":6},"end":{"line":84,"column":75}},"30":{"start":{"line":89,"column":4},"end":{"line":89,"column":50}},"31":{"start":{"line":93,"column":0},"end":{"line":96,"column":1}}},"fnMap":{"0":{"name":"(anonymous_0)","decl":{"start":{"line":2,"column":2},"end":{"line":2,"column":3}},"loc":{"start":{"line":2,"column":37},"end":{"line":6,"column":3}},"line":2},"1":{"name":"(anonymous_1)","decl":{"start":{"line":20,"column":2},"end":{"line":20,"column":3}},"loc":{"start":{"line":20,"column":26},"end":{"line":22,"column":3}},"line":20},"2":{"name":"(anonymous_2)","decl":{"start":{"line":24,"column":2},"end":{"line":24,"column":3}},"loc":{"start":{"line":24,"column":18},"end":{"line":30,"column":3}},"line":24},"3":{"name":"(anonymous_3)","decl":{"start":{"line":25,"column":23},"end":{"line":25,"column":24}},"loc":{"start":{"line":25,"column":31},"end":{"line":27,"column":5}},"line":25},"4":{"name":"(anonymous_4)","decl":{"start":{"line":32,"column":2},"end":{"line":32,"column":3}},"loc":{"start":{"line":32,"column":36},"end":{"line":34,"column":3}},"line":32},"5":{"name":"(anonymous_5)","decl":{"start":{"line":88,"column":2},"end":{"line":88,"column":3}},"loc":{"start":{"line":88,"column":26},"end":{"line":90,"column":3}},"line":88}},"branchMap":{"0":{"loc":{"start":{"line":20,"column":14},"end":{"line":20,"column":24}},"type":"default-arg","locations":[{"start":{"line":20,"column":22},"end":{"line":20,"column":24}}],"line":20},"1":{"loc":{"start":{"line":33,"column":11},"end":{"line":33,"column":100}},"type":"binary-expr","locations":[{"start":{"line":33,"column":11},"end":{"line":33,"column":46}},{"start":{"line":33,"column":50},"end":{"line":33,"column":100}}],"line":33},"2":{"loc":{"start":{"line":41,"column":4},"end":{"line":43,"column":5}},"type":"if","locations":[{"start":{"line":41,"column":4},"end":{"line":43,"column":5}},{"start":{},"end":{}}],"line":41},"3":{"loc":{"start":{"line":53,"column":4},"end":{"line":55,"column":5}},"type":"if","locations":[{"start":{"line":53,"column":4},"end":{"line":55,"column":5}},{"start":{},"end":{}}],"line":53},"4":{"loc":{"start":{"line":57,"column":4},"end":{"line":59,"column":5}},"type":"if","locations":[{"start":{"line":57,"column":4},"end":{"line":59,"column":5}},{"start":{},"end":{}}],"line":57},"5":{"loc":{"start":{"line":63,"column":4},"end":{"line":65,"column":5}},"type":"if","locations":[{"start":{"line":63,"column":4},"end":{"line":65,"column":5}},{"start":{},"end":{}}],"line":63},"6":{"loc":{"start":{"line":73,"column":4},"end":{"line":75,"column":5}},"type":"if","locations":[{"start":{"line":73,"column":4},"end":{"line":75,"column":5}},{"start":{},"end":{}}],"line":73},"7":{"loc":{"start":{"line":83,"column":4},"end":{"line":85,"column":5}},"type":"if","locations":[{"start":{"line":83,"column":4},"end":{"line":85,"column":5}},{"start":{},"end":{}}],"line":83}},"s":{"0":360,"1":360,"2":360,"3":362,"4":362,"5":362,"6":361,"7":360,"8":361,"9":360,"10":60,"11":60,"12":60,"13":30,"14":60,"15":60,"16":50,"17":60,"18":40,"19":60,"20":60,"21":30,"22":60,"23":60,"24":60,"25":30,"26":120,"27":120,"28":120,"29":60,"30":1,"31":1},"f":{"0":360,"1":362,"2":361,"3":360,"4":360,"5":1},"b":{"0":[2],"1":[360,60],"2":[30,30],"3":[50,10],"4":[40,20],"5":[30,30],"6":[30,30],"7":[60,60]},"_coverageSchema":"1a1c01bbd47fc00a2c39e90264f33305004495a9","hash":"1f1712c0825ace3cfa5a6cbb0abdf6bbde87e347"}
}
