{"/Users/idelendik/PhpstormProjects/gilded-rose/js-jest/src/gilded_rose.js": {"path":"/Users/idelendik/PhpstormProjects/gilded-rose/js-jest/src/gilded_rose.js","statementMap":{"0":{"start":{"line":3,"column":4},"end":{"line":3,"column":21}},"1":{"start":{"line":4,"column":4},"end":{"line":4,"column":25}},"2":{"start":{"line":5,"column":4},"end":{"line":5,"column":27}},"3":{"start":{"line":11,"column":4},"end":{"line":11,"column":23}},"4":{"start":{"line":14,"column":24},"end":{"line":14,"column":41}},"5":{"start":{"line":16,"column":4},"end":{"line":32,"column":7}},"6":{"start":{"line":17,"column":24},"end":{"line":17,"column":35}},"7":{"start":{"line":19,"column":6},"end":{"line":29,"column":7}},"8":{"start":{"line":21,"column":10},"end":{"line":21,"column":36}},"9":{"start":{"line":22,"column":10},"end":{"line":22,"column":16}},"10":{"start":{"line":24,"column":10},"end":{"line":24,"column":40}},"11":{"start":{"line":25,"column":10},"end":{"line":25,"column":16}},"12":{"start":{"line":27,"column":10},"end":{"line":27,"column":41}},"13":{"start":{"line":28,"column":10},"end":{"line":28,"column":16}},"14":{"start":{"line":31,"column":6},"end":{"line":31,"column":58}},"15":{"start":{"line":31,"column":39},"end":{"line":31,"column":56}},"16":{"start":{"line":35,"column":6},"end":{"line":37,"column":7}},"17":{"start":{"line":36,"column":8},"end":{"line":36,"column":40}},"18":{"start":{"line":39,"column":6},"end":{"line":39,"column":36}},"19":{"start":{"line":41,"column":6},"end":{"line":45,"column":7}},"20":{"start":{"line":42,"column":8},"end":{"line":44,"column":9}},"21":{"start":{"line":43,"column":10},"end":{"line":43,"column":42}},"22":{"start":{"line":53,"column":6},"end":{"line":66,"column":7}},"23":{"start":{"line":54,"column":8},"end":{"line":54,"column":40}},"24":{"start":{"line":56,"column":8},"end":{"line":60,"column":9}},"25":{"start":{"line":57,"column":10},"end":{"line":59,"column":11}},"26":{"start":{"line":58,"column":12},"end":{"line":58,"column":44}},"27":{"start":{"line":61,"column":8},"end":{"line":65,"column":9}},"28":{"start":{"line":62,"column":10},"end":{"line":64,"column":11}},"29":{"start":{"line":63,"column":12},"end":{"line":63,"column":44}},"30":{"start":{"line":68,"column":6},"end":{"line":68,"column":36}},"31":{"start":{"line":70,"column":6},"end":{"line":72,"column":7}},"32":{"start":{"line":71,"column":8},"end":{"line":71,"column":51}},"33":{"start":{"line":76,"column":6},"end":{"line":78,"column":7}},"34":{"start":{"line":77,"column":8},"end":{"line":77,"column":40}},"35":{"start":{"line":80,"column":6},"end":{"line":80,"column":36}},"36":{"start":{"line":82,"column":6},"end":{"line":86,"column":7}},"37":{"start":{"line":83,"column":8},"end":{"line":85,"column":9}},"38":{"start":{"line":84,"column":10},"end":{"line":84,"column":42}},"39":{"start":{"line":89,"column":4},"end":{"line":89,"column":46}},"40":{"start":{"line":91,"column":4},"end":{"line":91,"column":22}},"41":{"start":{"line":95,"column":4},"end":{"line":102,"column":11}},"42":{"start":{"line":96,"column":6},"end":{"line":100,"column":7}},"43":{"start":{"line":97,"column":8},"end":{"line":97,"column":34}},"44":{"start":{"line":99,"column":8},"end":{"line":99,"column":32}},"45":{"start":{"line":101,"column":6},"end":{"line":101,"column":17}},"46":{"start":{"line":106,"column":4},"end":{"line":110,"column":11}},"47":{"start":{"line":107,"column":6},"end":{"line":107,"column":48}},"48":{"start":{"line":107,"column":32},"end":{"line":107,"column":46}},"49":{"start":{"line":109,"column":6},"end":{"line":109,"column":17}},"50":{"start":{"line":114,"column":0},"end":{"line":117,"column":1}}},"fnMap":{"0":{"name":"(anonymous_0)","decl":{"start":{"line":2,"column":2},"end":{"line":2,"column":3}},"loc":{"start":{"line":2,"column":36},"end":{"line":6,"column":3}},"line":2},"1":{"name":"(anonymous_1)","decl":{"start":{"line":10,"column":2},"end":{"line":10,"column":3}},"loc":{"start":{"line":10,"column":23},"end":{"line":12,"column":3}},"line":10},"2":{"name":"(anonymous_2)","decl":{"start":{"line":13,"column":2},"end":{"line":13,"column":3}},"loc":{"start":{"line":13,"column":18},"end":{"line":92,"column":3}},"line":13},"3":{"name":"(anonymous_3)","decl":{"start":{"line":16,"column":37},"end":{"line":16,"column":38}},"loc":{"start":{"line":16,"column":44},"end":{"line":32,"column":5}},"line":16},"4":{"name":"(anonymous_4)","decl":{"start":{"line":31,"column":31},"end":{"line":31,"column":32}},"loc":{"start":{"line":31,"column":39},"end":{"line":31,"column":56}},"line":31},"5":{"name":"processBrie","decl":{"start":{"line":34,"column":13},"end":{"line":34,"column":24}},"loc":{"start":{"line":34,"column":31},"end":{"line":46,"column":5}},"line":34},"6":{"name":"processSulfuras","decl":{"start":{"line":48,"column":13},"end":{"line":48,"column":28}},"loc":{"start":{"line":48,"column":35},"end":{"line":50,"column":5}},"line":48},"7":{"name":"processBackstage","decl":{"start":{"line":52,"column":13},"end":{"line":52,"column":29}},"loc":{"start":{"line":52,"column":36},"end":{"line":73,"column":5}},"line":52},"8":{"name":"processItem","decl":{"start":{"line":75,"column":13},"end":{"line":75,"column":24}},"loc":{"start":{"line":75,"column":31},"end":{"line":87,"column":5}},"line":75},"9":{"name":"(anonymous_9)","decl":{"start":{"line":94,"column":2},"end":{"line":94,"column":3}},"loc":{"start":{"line":94,"column":15},"end":{"line":103,"column":3}},"line":94},"10":{"name":"(anonymous_10)","decl":{"start":{"line":95,"column":29},"end":{"line":95,"column":30}},"loc":{"start":{"line":95,"column":44},"end":{"line":102,"column":5}},"line":95},"11":{"name":"(anonymous_11)","decl":{"start":{"line":105,"column":2},"end":{"line":105,"column":3}},"loc":{"start":{"line":105,"column":18},"end":{"line":111,"column":3}},"line":105},"12":{"name":"(anonymous_12)","decl":{"start":{"line":106,"column":35},"end":{"line":106,"column":36}},"loc":{"start":{"line":106,"column":50},"end":{"line":110,"column":5}},"line":106},"13":{"name":"(anonymous_13)","decl":{"start":{"line":107,"column":24},"end":{"line":107,"column":25}},"loc":{"start":{"line":107,"column":32},"end":{"line":107,"column":46}},"line":107}},"branchMap":{"0":{"loc":{"start":{"line":10,"column":14},"end":{"line":10,"column":22}},"type":"default-arg","locations":[{"start":{"line":10,"column":20},"end":{"line":10,"column":22}}],"line":10},"1":{"loc":{"start":{"line":19,"column":6},"end":{"line":29,"column":7}},"type":"switch","locations":[{"start":{"line":20,"column":8},"end":{"line":22,"column":16}},{"start":{"line":23,"column":8},"end":{"line":25,"column":16}},{"start":{"line":26,"column":8},"end":{"line":28,"column":16}}],"line":19},"2":{"loc":{"start":{"line":35,"column":6},"end":{"line":37,"column":7}},"type":"if","locations":[{"start":{"line":35,"column":6},"end":{"line":37,"column":7}},{"start":{},"end":{}}],"line":35},"3":{"loc":{"start":{"line":41,"column":6},"end":{"line":45,"column":7}},"type":"if","locations":[{"start":{"line":41,"column":6},"end":{"line":45,"column":7}},{"start":{},"end":{}}],"line":41},"4":{"loc":{"start":{"line":42,"column":8},"end":{"line":44,"column":9}},"type":"if","locations":[{"start":{"line":42,"column":8},"end":{"line":44,"column":9}},{"start":{},"end":{}}],"line":42},"5":{"loc":{"start":{"line":53,"column":6},"end":{"line":66,"column":7}},"type":"if","locations":[{"start":{"line":53,"column":6},"end":{"line":66,"column":7}},{"start":{},"end":{}}],"line":53},"6":{"loc":{"start":{"line":56,"column":8},"end":{"line":60,"column":9}},"type":"if","locations":[{"start":{"line":56,"column":8},"end":{"line":60,"column":9}},{"start":{},"end":{}}],"line":56},"7":{"loc":{"start":{"line":57,"column":10},"end":{"line":59,"column":11}},"type":"if","locations":[{"start":{"line":57,"column":10},"end":{"line":59,"column":11}},{"start":{},"end":{}}],"line":57},"8":{"loc":{"start":{"line":61,"column":8},"end":{"line":65,"column":9}},"type":"if","locations":[{"start":{"line":61,"column":8},"end":{"line":65,"column":9}},{"start":{},"end":{}}],"line":61},"9":{"loc":{"start":{"line":62,"column":10},"end":{"line":64,"column":11}},"type":"if","locations":[{"start":{"line":62,"column":10},"end":{"line":64,"column":11}},{"start":{},"end":{}}],"line":62},"10":{"loc":{"start":{"line":70,"column":6},"end":{"line":72,"column":7}},"type":"if","locations":[{"start":{"line":70,"column":6},"end":{"line":72,"column":7}},{"start":{},"end":{}}],"line":70},"11":{"loc":{"start":{"line":76,"column":6},"end":{"line":78,"column":7}},"type":"if","locations":[{"start":{"line":76,"column":6},"end":{"line":78,"column":7}},{"start":{},"end":{}}],"line":76},"12":{"loc":{"start":{"line":82,"column":6},"end":{"line":86,"column":7}},"type":"if","locations":[{"start":{"line":82,"column":6},"end":{"line":86,"column":7}},{"start":{},"end":{}}],"line":82},"13":{"loc":{"start":{"line":83,"column":8},"end":{"line":85,"column":9}},"type":"if","locations":[{"start":{"line":83,"column":8},"end":{"line":85,"column":9}},{"start":{},"end":{}}],"line":83},"14":{"loc":{"start":{"line":96,"column":6},"end":{"line":100,"column":7}},"type":"if","locations":[{"start":{"line":96,"column":6},"end":{"line":100,"column":7}},{"start":{"line":98,"column":13},"end":{"line":100,"column":7}}],"line":96}},"s":{"0":30,"1":30,"2":30,"3":11,"4":8,"5":8,"6":33,"7":33,"8":7,"9":7,"10":6,"11":6,"12":7,"13":7,"14":33,"15":54,"16":7,"17":6,"18":7,"19":7,"20":2,"21":1,"22":21,"23":15,"24":15,"25":9,"26":3,"27":15,"28":5,"29":2,"30":21,"31":21,"32":1,"33":14,"34":13,"35":14,"36":14,"37":2,"38":1,"39":8,"40":8,"41":11,"42":59,"43":22,"44":37,"45":59,"46":11,"47":37,"48":59,"49":37,"50":1},"f":{"0":30,"1":11,"2":8,"3":33,"4":54,"5":7,"6":12,"7":21,"8":14,"9":11,"10":59,"11":11,"12":37,"13":59},"b":{"0":[4],"1":[7,6,7],"2":[6,1],"3":[2,5],"4":[1,1],"5":[15,6],"6":[9,6],"7":[3,6],"8":[5,10],"9":[2,3],"10":[1,20],"11":[13,1],"12":[2,12],"13":[1,1],"14":[22,37]},"_coverageSchema":"1a1c01bbd47fc00a2c39e90264f33305004495a9","hash":"3ee701279f5ad57766197d8c4573f32a06fa9cea"}
}
