TN:
SF:src/gilded_rose.js
FN:2,(anonymous_0)
FN:10,(anonymous_1)
FN:13,(anonymous_2)
FN:16,(anonymous_3)
FN:31,(anonymous_4)
FN:34,processBrie
FN:48,processSulfuras
FN:52,processBackstage
FN:75,processItem
FN:94,(anonymous_9)
FN:95,(anonymous_10)
FN:105,(anonymous_11)
FN:106,(anonymous_12)
FN:107,(anonymous_13)
FNF:14
FNH:14
FNDA:30,(anonymous_0)
FNDA:11,(anonymous_1)
FNDA:8,(anonymous_2)
FNDA:33,(anonymous_3)
FNDA:54,(anonymous_4)
FNDA:7,processBrie
FNDA:12,processSulfuras
FNDA:21,processBackstage
FNDA:14,processItem
FNDA:11,(anonymous_9)
FNDA:59,(anonymous_10)
FNDA:11,(anonymous_11)
FNDA:37,(anonymous_12)
FNDA:59,(anonymous_13)
DA:3,30
DA:4,30
DA:5,30
DA:11,11
DA:14,8
DA:16,8
DA:17,33
DA:19,33
DA:21,7
DA:22,7
DA:24,6
DA:25,6
DA:27,7
DA:28,7
DA:31,54
DA:35,7
DA:36,6
DA:39,7
DA:41,7
DA:42,2
DA:43,1
DA:53,21
DA:54,15
DA:56,15
DA:57,9
DA:58,3
DA:61,15
DA:62,5
DA:63,2
DA:68,21
DA:70,21
DA:71,1
DA:76,14
DA:77,13
DA:80,14
DA:82,14
DA:83,2
DA:84,1
DA:89,8
DA:91,8
DA:95,11
DA:96,59
DA:97,22
DA:99,37
DA:101,59
DA:106,11
DA:107,59
DA:109,37
DA:114,1
LF:49
LH:49
BRDA:10,0,0,4
BRDA:19,1,0,7
BRDA:19,1,1,6
BRDA:19,1,2,7
BRDA:35,2,0,6
BRDA:35,2,1,1
BRDA:41,3,0,2
BRDA:41,3,1,5
BRDA:42,4,0,1
BRDA:42,4,1,1
BRDA:53,5,0,15
BRDA:53,5,1,6
BRDA:56,6,0,9
BRDA:56,6,1,6
BRDA:57,7,0,3
BRDA:57,7,1,6
BRDA:61,8,0,5
BRDA:61,8,1,10
BRDA:62,9,0,2
BRDA:62,9,1,3
BRDA:70,10,0,1
BRDA:70,10,1,20
BRDA:76,11,0,13
BRDA:76,11,1,1
BRDA:82,12,0,2
BRDA:82,12,1,12
BRDA:83,13,0,1
BRDA:83,13,1,1
BRDA:96,14,0,22
BRDA:96,14,1,37
BRF:30
BRH:30
end_of_record
