TN:
SF:src/gilded_rose.js
FN:2,(anonymous_0)
FN:20,(anonymous_1)
FN:24,(anonymous_2)
FN:25,(anonymous_3)
FN:32,(anonymous_4)
FN:88,(anonymous_5)
FNF:6
FNH:6
FNDA:360,(anonymous_0)
FNDA:362,(anonymous_1)
FNDA:361,(anonymous_2)
FNDA:360,(anonymous_3)
FNDA:360,(anonymous_4)
FNDA:1,(anonymous_5)
DA:3,360
DA:4,360
DA:5,360
DA:10,362
DA:12,362
DA:21,362
DA:25,361
DA:26,360
DA:29,361
DA:33,360
DA:37,60
DA:39,60
DA:41,60
DA:42,30
DA:51,60
DA:53,60
DA:54,50
DA:57,60
DA:58,40
DA:61,60
DA:63,60
DA:64,30
DA:69,60
DA:71,60
DA:73,60
DA:74,30
DA:79,120
DA:81,120
DA:83,120
DA:84,60
DA:89,1
DA:93,1
LF:32
LH:32
BRDA:20,0,0,2
BRDA:33,1,0,360
BRDA:33,1,1,60
BRDA:41,2,0,30
BRDA:41,2,1,30
BRDA:53,3,0,50
BRDA:53,3,1,10
BRDA:57,4,0,40
BRDA:57,4,1,20
BRDA:63,5,0,30
BRDA:63,5,1,30
BRDA:73,6,0,30
BRDA:73,6,1,30
BRDA:83,7,0,60
BRDA:83,7,1,60
BRF:15
BRH:15
end_of_record
